<?xml version="1.0" encoding="UTF-8"?>
<!-- Generated by org.testng.reporters.JUnitReportReporter -->
<testsuite skipped="0" hostname="HSSSC1PCL01288" name="phpTravels.pack.tests.SignInTest" tests="1" failures="0" timestamp="08 May 2017 09:56:09 GMT" time="0.211" errors="0">
  <testcase name="checkClickSignUpSuccess" time="0.211" classname="phpTravels.pack.tests.SignInTest"/>
</testsuite> <!-- phpTravels.pack.tests.SignInTest -->
