<?xml version="1.0" encoding="UTF-8"?>
<!-- Generated by org.testng.reporters.JUnitReportReporter -->
<testsuite skipped="0" hostname="HSSSC1PCL01288" name="phpTravels.pack.tests.SignUpTest" tests="2" failures="0" timestamp="26 Apr 2017 08:42:26 GMT" time="2.691" errors="0">
  <testcase name="checkEnterInforSignUpSuccess" time="0.311" classname="phpTravels.pack.tests.SignUpTest"/>
  <testcase name="checkEnterInforSignUpSuccess" time="2.380" classname="phpTravels.pack.tests.SignUpTest"/>
</testsuite> <!-- phpTravels.pack.tests.SignUpTest -->
